[ 2018-06-27T10:01:25+08:00 ] ::1 ::1 GET /imooc_o2o/public/index/user/index.html
[ log ] localhost:88/imooc_o2o/public/index/user/index.html [运行时间：0.062900s][吞吐率：15.90req/s] [内存消耗：1,417.26kb] [文件加载：43]
[ info ] [ LANG ] /Users/usher/www/imooc_o2o/thinkphp/lang/zh-cn.php
[ info ] [ ROUTE ] array (
  'type' => 'module',
  'module' => 
  array (
    0 => 'index',
    1 => 'user',
    2 => 'index',
  ),
)
[ info ] [ HEADER ] array (
  'host' => 'localhost:88',
  'connection' => 'keep-alive',
  'cache-control' => 'max-age=0',
  'upgrade-insecure-requests' => '1',
  'user-agent' => 'Mozilla/5.0 (Macintosh; Intel Mac OS X 10_13_5) AppleWebKit/537.36 (KHTML, like Gecko) Chrome/67.0.3396.87 Safari/537.36',
  'accept' => 'text/html,application/xhtml+xml,application/xml;q=0.9,image/webp,image/apng,*/*;q=0.8',
  'referer' => 'http://localhost:88/imooc_o2o/public/index/user/login.html',
  'accept-encoding' => 'gzip, deflate, br',
  'accept-language' => 'zh-CN,zh;q=0.9,en;q=0.8',
  'cookie' => 'UM_distinctid=164119540612b8-05a7c5e5dc8a1-17366952-13c680-1641195406238; CNZZDATA1271230489=442464149-1529299860-null%7C1529299860; Hm_lvt_080836300300be57b7f34f4b3e97d911=1529567588; PHPSESSID=7e45f5e476c62684951d4f5ffa49a822',
)
[ info ] [ PARAM ] array (
)
[ info ] [ LOG ] INIT File

---------------------------------------------------------------
[ 2018-06-27T10:16:32+08:00 ] ::1 ::1 GET /imooc_o2o/public/index/user/index.html
[ log ] localhost:88/imooc_o2o/public/index/user/index.html [运行时间：0.034107s][吞吐率：29.32req/s] [内存消耗：1,417.27kb] [文件加载：43]
[ info ] [ LANG ] /Users/usher/www/imooc_o2o/thinkphp/lang/zh-cn.php
[ info ] [ ROUTE ] array (
  'type' => 'module',
  'module' => 
  array (
    0 => 'index',
    1 => 'user',
    2 => 'index',
  ),
)
[ info ] [ HEADER ] array (
  'host' => 'localhost:88',
  'connection' => 'keep-alive',
  'cache-control' => 'max-age=0',
  'upgrade-insecure-requests' => '1',
  'user-agent' => 'Mozilla/5.0 (Macintosh; Intel Mac OS X 10_13_5) AppleWebKit/537.36 (KHTML, like Gecko) Chrome/67.0.3396.87 Safari/537.36',
  'accept' => 'text/html,application/xhtml+xml,application/xml;q=0.9,image/webp,image/apng,*/*;q=0.8',
  'referer' => 'http://localhost:88/imooc_o2o/public/index/user/login.html',
  'accept-encoding' => 'gzip, deflate, br',
  'accept-language' => 'zh-CN,zh;q=0.9,en;q=0.8',
  'cookie' => 'UM_distinctid=164119540612b8-05a7c5e5dc8a1-17366952-13c680-1641195406238; CNZZDATA1271230489=442464149-1529299860-null%7C1529299860; Hm_lvt_080836300300be57b7f34f4b3e97d911=1529567588; PHPSESSID=7e45f5e476c62684951d4f5ffa49a822',
)
[ info ] [ PARAM ] array (
)
[ info ] [ LOG ] INIT File

---------------------------------------------------------------
[ 2018-06-27T10:25:10+08:00 ] ::1 ::1 GET /imooc_o2o/public/index/user/index.html
[ log ] localhost:88/imooc_o2o/public/index/user/index.html [运行时间：0.035773s][吞吐率：27.95req/s] [内存消耗：1,417.27kb] [文件加载：43]
[ info ] [ LANG ] /Users/usher/www/imooc_o2o/thinkphp/lang/zh-cn.php
[ info ] [ ROUTE ] array (
  'type' => 'module',
  'module' => 
  array (
    0 => 'index',
    1 => 'user',
    2 => 'index',
  ),
)
[ info ] [ HEADER ] array (
  'host' => 'localhost:88',
  'connection' => 'keep-alive',
  'cache-control' => 'max-age=0',
  'upgrade-insecure-requests' => '1',
  'user-agent' => 'Mozilla/5.0 (Macintosh; Intel Mac OS X 10_13_5) AppleWebKit/537.36 (KHTML, like Gecko) Chrome/67.0.3396.87 Safari/537.36',
  'accept' => 'text/html,application/xhtml+xml,application/xml;q=0.9,image/webp,image/apng,*/*;q=0.8',
  'referer' => 'http://localhost:88/imooc_o2o/public/index/user/login.html',
  'accept-encoding' => 'gzip, deflate, br',
  'accept-language' => 'zh-CN,zh;q=0.9,en;q=0.8',
  'cookie' => 'UM_distinctid=164119540612b8-05a7c5e5dc8a1-17366952-13c680-1641195406238; CNZZDATA1271230489=442464149-1529299860-null%7C1529299860; Hm_lvt_080836300300be57b7f34f4b3e97d911=1529567588; PHPSESSID=7e45f5e476c62684951d4f5ffa49a822',
)
[ info ] [ PARAM ] array (
)
[ info ] [ LOG ] INIT File

---------------------------------------------------------------
[ 2018-06-27T13:16:01+08:00 ] ::1 ::1 GET /imooc_o2o/public/index/user/index.html
[ log ] localhost:88/imooc_o2o/public/index/user/index.html [运行时间：0.108857s][吞吐率：9.19req/s] [内存消耗：1,417.27kb] [文件加载：43]
[ info ] [ LANG ] /Users/usher/www/imooc_o2o/thinkphp/lang/zh-cn.php
[ info ] [ ROUTE ] array (
  'type' => 'module',
  'module' => 
  array (
    0 => 'index',
    1 => 'user',
    2 => 'index',
  ),
)
[ info ] [ HEADER ] array (
  'host' => 'localhost:88',
  'connection' => 'keep-alive',
  'cache-control' => 'max-age=0',
  'upgrade-insecure-requests' => '1',
  'user-agent' => 'Mozilla/5.0 (Macintosh; Intel Mac OS X 10_13_5) AppleWebKit/537.36 (KHTML, like Gecko) Chrome/67.0.3396.87 Safari/537.36',
  'accept' => 'text/html,application/xhtml+xml,application/xml;q=0.9,image/webp,image/apng,*/*;q=0.8',
  'referer' => 'http://localhost:88/imooc_o2o/public/index/user/login.html',
  'accept-encoding' => 'gzip, deflate, br',
  'accept-language' => 'zh-CN,zh;q=0.9,en;q=0.8',
  'cookie' => 'UM_distinctid=164119540612b8-05a7c5e5dc8a1-17366952-13c680-1641195406238; CNZZDATA1271230489=442464149-1529299860-null%7C1529299860; Hm_lvt_080836300300be57b7f34f4b3e97d911=1529567588; PHPSESSID=7e45f5e476c62684951d4f5ffa49a822',
)
[ info ] [ PARAM ] array (
)
[ info ] [ LOG ] INIT File

---------------------------------------------------------------
[ 2018-06-27T13:20:15+08:00 ] ::1 ::1 GET /imooc_o2o/public/index/user/index.html
[ log ] localhost:88/imooc_o2o/public/index/user/index.html [运行时间：0.066813s][吞吐率：14.97req/s] [内存消耗：1,417.27kb] [文件加载：43]
[ info ] [ LANG ] /Users/usher/www/imooc_o2o/thinkphp/lang/zh-cn.php
[ info ] [ ROUTE ] array (
  'type' => 'module',
  'module' => 
  array (
    0 => 'index',
    1 => 'user',
    2 => 'index',
  ),
)
[ info ] [ HEADER ] array (
  'host' => 'localhost:88',
  'connection' => 'keep-alive',
  'cache-control' => 'max-age=0',
  'upgrade-insecure-requests' => '1',
  'user-agent' => 'Mozilla/5.0 (Macintosh; Intel Mac OS X 10_13_5) AppleWebKit/537.36 (KHTML, like Gecko) Chrome/67.0.3396.87 Safari/537.36',
  'accept' => 'text/html,application/xhtml+xml,application/xml;q=0.9,image/webp,image/apng,*/*;q=0.8',
  'referer' => 'http://localhost:88/imooc_o2o/public/index/user/login.html',
  'accept-encoding' => 'gzip, deflate, br',
  'accept-language' => 'zh-CN,zh;q=0.9,en;q=0.8',
  'cookie' => 'UM_distinctid=164119540612b8-05a7c5e5dc8a1-17366952-13c680-1641195406238; CNZZDATA1271230489=442464149-1529299860-null%7C1529299860; Hm_lvt_080836300300be57b7f34f4b3e97d911=1529567588; PHPSESSID=7e45f5e476c62684951d4f5ffa49a822',
)
[ info ] [ PARAM ] array (
)
[ info ] [ LOG ] INIT File

---------------------------------------------------------------
[ 2018-06-27T13:24:00+08:00 ] ::1 ::1 GET /imooc_o2o/public/index/user/index.html
[ log ] localhost:88/imooc_o2o/public/index/user/index.html [运行时间：0.033596s][吞吐率：29.77req/s] [内存消耗：1,417.27kb] [文件加载：43]
[ info ] [ LANG ] /Users/usher/www/imooc_o2o/thinkphp/lang/zh-cn.php
[ info ] [ ROUTE ] array (
  'type' => 'module',
  'module' => 
  array (
    0 => 'index',
    1 => 'user',
    2 => 'index',
  ),
)
[ info ] [ HEADER ] array (
  'host' => 'localhost:88',
  'connection' => 'keep-alive',
  'cache-control' => 'max-age=0',
  'upgrade-insecure-requests' => '1',
  'user-agent' => 'Mozilla/5.0 (Macintosh; Intel Mac OS X 10_13_5) AppleWebKit/537.36 (KHTML, like Gecko) Chrome/67.0.3396.87 Safari/537.36',
  'accept' => 'text/html,application/xhtml+xml,application/xml;q=0.9,image/webp,image/apng,*/*;q=0.8',
  'referer' => 'http://localhost:88/imooc_o2o/public/index/user/login.html',
  'accept-encoding' => 'gzip, deflate, br',
  'accept-language' => 'zh-CN,zh;q=0.9,en;q=0.8',
  'cookie' => 'UM_distinctid=164119540612b8-05a7c5e5dc8a1-17366952-13c680-1641195406238; CNZZDATA1271230489=442464149-1529299860-null%7C1529299860; Hm_lvt_080836300300be57b7f34f4b3e97d911=1529567588; PHPSESSID=7e45f5e476c62684951d4f5ffa49a822',
)
[ info ] [ PARAM ] array (
)
[ info ] [ LOG ] INIT File

---------------------------------------------------------------
[ 2018-06-27T14:14:09+08:00 ] ::1 ::1 GET /imooc_o2o/public/index/user/index.html
[ log ] localhost:88/imooc_o2o/public/index/user/index.html [运行时间：0.158086s][吞吐率：6.33req/s] [内存消耗：1,417.27kb] [文件加载：43]
[ info ] [ LANG ] /Users/usher/www/imooc_o2o/thinkphp/lang/zh-cn.php
[ info ] [ ROUTE ] array (
  'type' => 'module',
  'module' => 
  array (
    0 => 'index',
    1 => 'user',
    2 => 'index',
  ),
)
[ info ] [ HEADER ] array (
  'host' => 'localhost:88',
  'connection' => 'keep-alive',
  'cache-control' => 'max-age=0',
  'upgrade-insecure-requests' => '1',
  'user-agent' => 'Mozilla/5.0 (Macintosh; Intel Mac OS X 10_13_5) AppleWebKit/537.36 (KHTML, like Gecko) Chrome/67.0.3396.87 Safari/537.36',
  'accept' => 'text/html,application/xhtml+xml,application/xml;q=0.9,image/webp,image/apng,*/*;q=0.8',
  'referer' => 'http://localhost:88/imooc_o2o/public/index/user/login.html',
  'accept-encoding' => 'gzip, deflate, br',
  'accept-language' => 'zh-CN,zh;q=0.9,en;q=0.8',
  'cookie' => 'UM_distinctid=164119540612b8-05a7c5e5dc8a1-17366952-13c680-1641195406238; CNZZDATA1271230489=442464149-1529299860-null%7C1529299860; Hm_lvt_080836300300be57b7f34f4b3e97d911=1529567588; PHPSESSID=7e45f5e476c62684951d4f5ffa49a822',
)
[ info ] [ PARAM ] array (
)
[ info ] [ LOG ] INIT File

---------------------------------------------------------------
[ 2018-06-27T14:23:00+08:00 ] ::1 ::1 GET /imooc_o2o/public/index/user/index.html
[ log ] localhost:88/imooc_o2o/public/index/user/index.html [运行时间：0.082926s][吞吐率：12.06req/s] [内存消耗：1,417.27kb] [文件加载：43]
[ info ] [ LANG ] /Users/usher/www/imooc_o2o/thinkphp/lang/zh-cn.php
[ info ] [ ROUTE ] array (
  'type' => 'module',
  'module' => 
  array (
    0 => 'index',
    1 => 'user',
    2 => 'index',
  ),
)
[ info ] [ HEADER ] array (
  'host' => 'localhost:88',
  'connection' => 'keep-alive',
  'cache-control' => 'max-age=0',
  'upgrade-insecure-requests' => '1',
  'user-agent' => 'Mozilla/5.0 (Macintosh; Intel Mac OS X 10_13_5) AppleWebKit/537.36 (KHTML, like Gecko) Chrome/67.0.3396.87 Safari/537.36',
  'accept' => 'text/html,application/xhtml+xml,application/xml;q=0.9,image/webp,image/apng,*/*;q=0.8',
  'referer' => 'http://localhost:88/imooc_o2o/public/index/user/login.html',
  'accept-encoding' => 'gzip, deflate, br',
  'accept-language' => 'zh-CN,zh;q=0.9,en;q=0.8',
  'cookie' => 'UM_distinctid=164119540612b8-05a7c5e5dc8a1-17366952-13c680-1641195406238; CNZZDATA1271230489=442464149-1529299860-null%7C1529299860; Hm_lvt_080836300300be57b7f34f4b3e97d911=1529567588; PHPSESSID=7e45f5e476c62684951d4f5ffa49a822',
)
[ info ] [ PARAM ] array (
)
[ info ] [ LOG ] INIT File

---------------------------------------------------------------
[ 2018-06-27T15:34:19+08:00 ] ::1 ::1 GET /imooc_o2o/public/index/user/index.html
[ log ] localhost:88/imooc_o2o/public/index/user/index.html [运行时间：0.025186s][吞吐率：39.70req/s] [内存消耗：1,417.27kb] [文件加载：43]
[ info ] [ LANG ] /Users/usher/www/imooc_o2o/thinkphp/lang/zh-cn.php
[ info ] [ ROUTE ] array (
  'type' => 'module',
  'module' => 
  array (
    0 => 'index',
    1 => 'user',
    2 => 'index',
  ),
)
[ info ] [ HEADER ] array (
  'host' => 'localhost:88',
  'connection' => 'keep-alive',
  'cache-control' => 'max-age=0',
  'upgrade-insecure-requests' => '1',
  'user-agent' => 'Mozilla/5.0 (Macintosh; Intel Mac OS X 10_13_5) AppleWebKit/537.36 (KHTML, like Gecko) Chrome/67.0.3396.87 Safari/537.36',
  'accept' => 'text/html,application/xhtml+xml,application/xml;q=0.9,image/webp,image/apng,*/*;q=0.8',
  'referer' => 'http://localhost:88/imooc_o2o/public/index/user/login.html',
  'accept-encoding' => 'gzip, deflate, br',
  'accept-language' => 'zh-CN,zh;q=0.9,en;q=0.8',
  'cookie' => 'UM_distinctid=164119540612b8-05a7c5e5dc8a1-17366952-13c680-1641195406238; CNZZDATA1271230489=442464149-1529299860-null%7C1529299860; Hm_lvt_080836300300be57b7f34f4b3e97d911=1529567588; PHPSESSID=7e45f5e476c62684951d4f5ffa49a822',
)
[ info ] [ PARAM ] array (
)
[ info ] [ LOG ] INIT File

---------------------------------------------------------------
[ 2018-06-27T15:41:26+08:00 ] ::1 ::1 GET /imooc_o2o/public/index/user/index.html
[ log ] localhost:88/imooc_o2o/public/index/user/index.html [运行时间：0.027702s][吞吐率：36.10req/s] [内存消耗：1,417.27kb] [文件加载：43]
[ info ] [ LANG ] /Users/usher/www/imooc_o2o/thinkphp/lang/zh-cn.php
[ info ] [ ROUTE ] array (
  'type' => 'module',
  'module' => 
  array (
    0 => 'index',
    1 => 'user',
    2 => 'index',
  ),
)
[ info ] [ HEADER ] array (
  'host' => 'localhost:88',
  'connection' => 'keep-alive',
  'cache-control' => 'max-age=0',
  'upgrade-insecure-requests' => '1',
  'user-agent' => 'Mozilla/5.0 (Macintosh; Intel Mac OS X 10_13_5) AppleWebKit/537.36 (KHTML, like Gecko) Chrome/67.0.3396.87 Safari/537.36',
  'accept' => 'text/html,application/xhtml+xml,application/xml;q=0.9,image/webp,image/apng,*/*;q=0.8',
  'referer' => 'http://localhost:88/imooc_o2o/public/index/user/login.html',
  'accept-encoding' => 'gzip, deflate, br',
  'accept-language' => 'zh-CN,zh;q=0.9,en;q=0.8',
  'cookie' => 'UM_distinctid=164119540612b8-05a7c5e5dc8a1-17366952-13c680-1641195406238; CNZZDATA1271230489=442464149-1529299860-null%7C1529299860; Hm_lvt_080836300300be57b7f34f4b3e97d911=1529567588; PHPSESSID=7e45f5e476c62684951d4f5ffa49a822',
)
[ info ] [ PARAM ] array (
)
[ info ] [ LOG ] INIT File

---------------------------------------------------------------
[ 2018-06-27T23:14:42+08:00 ] ::1 ::1 GET /imooc_o2o/public/index/user/index.html
[ log ] localhost:88/imooc_o2o/public/index/user/index.html [运行时间：0.062344s][吞吐率：16.04req/s] [内存消耗：1,417.27kb] [文件加载：43]
[ info ] [ LANG ] /Users/usher/www/imooc_o2o/thinkphp/lang/zh-cn.php
[ info ] [ ROUTE ] array (
  'type' => 'module',
  'module' => 
  array (
    0 => 'index',
    1 => 'user',
    2 => 'index',
  ),
)
[ info ] [ HEADER ] array (
  'host' => 'localhost:88',
  'connection' => 'keep-alive',
  'cache-control' => 'max-age=0',
  'upgrade-insecure-requests' => '1',
  'user-agent' => 'Mozilla/5.0 (Macintosh; Intel Mac OS X 10_13_5) AppleWebKit/537.36 (KHTML, like Gecko) Chrome/67.0.3396.87 Safari/537.36',
  'accept' => 'text/html,application/xhtml+xml,application/xml;q=0.9,image/webp,image/apng,*/*;q=0.8',
  'referer' => 'http://localhost:88/imooc_o2o/public/index/user/login.html',
  'accept-encoding' => 'gzip, deflate, br',
  'accept-language' => 'zh-CN,zh;q=0.9,en;q=0.8',
  'cookie' => 'UM_distinctid=164119540612b8-05a7c5e5dc8a1-17366952-13c680-1641195406238; CNZZDATA1271230489=442464149-1529299860-null%7C1529299860; Hm_lvt_080836300300be57b7f34f4b3e97d911=1529567588; PHPSESSID=7e45f5e476c62684951d4f5ffa49a822',
)
[ info ] [ PARAM ] array (
)
[ info ] [ LOG ] INIT File

---------------------------------------------------------------
